<?xml version="1.0" encoding="UTF-8"?>
<coverage generated="1588961634232" clover="3.2.0">
  <project timestamp="1588961634232" name="All files">
    <metrics statements="22" coveredstatements="14" conditionals="9" coveredconditionals="7" methods="9" coveredmethods="3" elements="40" coveredelements="24" complexity="0" loc="22" ncloc="22" packages="2" files="2" classes="2"/>
    <package name="src">
      <metrics statements="21" coveredstatements="13" conditionals="9" coveredconditionals="7" methods="9" coveredmethods="3"/>
      <file name="functions.js" path="/Users/gnlc/Code/corbot/src/functions.js">
        <metrics statements="21" coveredstatements="13" conditionals="9" coveredconditionals="7" methods="9" coveredmethods="3"/>
        <line num="3" count="2" type="stmt"/>
        <line num="5" count="2" type="stmt"/>
        <line num="6" count="0" type="stmt"/>
        <line num="7" count="0" type="stmt"/>
        <line num="9" count="0" type="stmt"/>
        <line num="10" count="0" type="stmt"/>
        <line num="11" count="0" type="stmt"/>
        <line num="12" count="0" type="stmt"/>
        <line num="13" count="0" type="stmt"/>
        <line num="14" count="0" type="stmt"/>
        <line num="17" count="2" type="cond" truecount="0" falsecount="1"/>
        <line num="18" count="2" type="stmt"/>
        <line num="19" count="2" type="stmt"/>
        <line num="22" count="2" type="cond" truecount="1" falsecount="1"/>
        <line num="24" count="2" type="cond" truecount="4" falsecount="0"/>
        <line num="25" count="1" type="stmt"/>
        <line num="28" count="2" type="stmt"/>
        <line num="29" count="1" type="stmt"/>
        <line num="30" count="1" type="cond" truecount="2" falsecount="0"/>
        <line num="31" count="1" type="stmt"/>
        <line num="32" count="1" type="stmt"/>
      </file>
    </package>
    <package name="src.config">
      <metrics statements="1" coveredstatements="1" conditionals="0" coveredconditionals="0" methods="0" coveredmethods="0"/>
      <file name="names.js" path="/Users/gnlc/Code/corbot/src/config/names.js">
        <metrics statements="1" coveredstatements="1" conditionals="0" coveredconditionals="0" methods="0" coveredmethods="0"/>
        <line num="1" count="2" type="stmt"/>
      </file>
    </package>
  </project>
</coverage>
