{"/Users/gnlc/Code/corbot/src/functions.js": {"path":"/Users/gnlc/Code/corbot/src/functions.js","statementMap":{"0":{"start":{"line":3,"column":14},"end":{"line":3,"column":39}},"1":{"start":{"line":5,"column":30},"end":{"line":15,"column":1}},"2":{"start":{"line":6,"column":14},"end":{"line":6,"column":46}},"3":{"start":{"line":7,"column":19},"end":{"line":7,"column":36}},"4":{"start":{"line":9,"column":2},"end":{"line":14,"column":40}},"5":{"start":{"line":10,"column":19},"end":{"line":10,"column":29}},"6":{"start":{"line":11,"column":19},"end":{"line":11,"column":33}},"7":{"start":{"line":12,"column":19},"end":{"line":12,"column":62}},"8":{"start":{"line":13,"column":19},"end":{"line":13,"column":36}},"9":{"start":{"line":14,"column":20},"end":{"line":14,"column":38}},"10":{"start":{"line":17,"column":27},"end":{"line":26,"column":1}},"11":{"start":{"line":18,"column":15},"end":{"line":20,"column":4}},"12":{"start":{"line":19,"column":4},"end":{"line":19,"column":40}},"13":{"start":{"line":22,"column":15},"end":{"line":22,"column":60}},"14":{"start":{"line":24,"column":2},"end":{"line":25,"column":17}},"15":{"start":{"line":24,"column":20},"end":{"line":24,"column":41}},"16":{"start":{"line":25,"column":7},"end":{"line":25,"column":17}},"17":{"start":{"line":28,"column":27},"end":{"line":33,"column":1}},"18":{"start":{"line":29,"column":17},"end":{"line":29,"column":19}},"19":{"start":{"line":30,"column":2},"end":{"line":30,"column":47}},"20":{"start":{"line":31,"column":2},"end":{"line":31,"column":20}},"21":{"start":{"line":32,"column":2},"end":{"line":32,"column":18}}},"fnMap":{"0":{"name":"(anonymous_0)","decl":{"start":{"line":5,"column":30},"end":{"line":5,"column":31}},"loc":{"start":{"line":5,"column":36},"end":{"line":15,"column":1}},"line":5},"1":{"name":"(anonymous_1)","decl":{"start":{"line":10,"column":10},"end":{"line":10,"column":11}},"loc":{"start":{"line":10,"column":19},"end":{"line":10,"column":29}},"line":10},"2":{"name":"(anonymous_2)","decl":{"start":{"line":11,"column":10},"end":{"line":11,"column":11}},"loc":{"start":{"line":11,"column":19},"end":{"line":11,"column":33}},"line":11},"3":{"name":"(anonymous_3)","decl":{"start":{"line":12,"column":10},"end":{"line":12,"column":11}},"loc":{"start":{"line":12,"column":19},"end":{"line":12,"column":62}},"line":12},"4":{"name":"(anonymous_4)","decl":{"start":{"line":13,"column":10},"end":{"line":13,"column":11}},"loc":{"start":{"line":13,"column":19},"end":{"line":13,"column":36}},"line":13},"5":{"name":"(anonymous_5)","decl":{"start":{"line":14,"column":11},"end":{"line":14,"column":12}},"loc":{"start":{"line":14,"column":20},"end":{"line":14,"column":38}},"line":14},"6":{"name":"(anonymous_6)","decl":{"start":{"line":17,"column":27},"end":{"line":17,"column":28}},"loc":{"start":{"line":17,"column":56},"end":{"line":26,"column":1}},"line":17},"7":{"name":"(anonymous_7)","decl":{"start":{"line":18,"column":26},"end":{"line":18,"column":27}},"loc":{"start":{"line":18,"column":36},"end":{"line":20,"column":3}},"line":18},"8":{"name":"(anonymous_8)","decl":{"start":{"line":28,"column":27},"end":{"line":28,"column":28}},"loc":{"start":{"line":28,"column":52},"end":{"line":33,"column":1}},"line":28}},"branchMap":{"0":{"loc":{"start":{"line":17,"column":39},"end":{"line":17,"column":51}},"type":"default-arg","locations":[{"start":{"line":17,"column":47},"end":{"line":17,"column":51}}],"line":17},"1":{"loc":{"start":{"line":22,"column":15},"end":{"line":22,"column":60}},"type":"cond-expr","locations":[{"start":{"line":22,"column":32},"end":{"line":22,"column":52}},{"start":{"line":22,"column":55},"end":{"line":22,"column":60}}],"line":22},"2":{"loc":{"start":{"line":24,"column":2},"end":{"line":25,"column":17}},"type":"if","locations":[{"start":{"line":24,"column":2},"end":{"line":25,"column":17}},{"start":{"line":24,"column":2},"end":{"line":25,"column":17}}],"line":24},"3":{"loc":{"start":{"line":24,"column":6},"end":{"line":24,"column":18}},"type":"binary-expr","locations":[{"start":{"line":24,"column":6},"end":{"line":24,"column":10}},{"start":{"line":24,"column":14},"end":{"line":24,"column":18}}],"line":24},"4":{"loc":{"start":{"line":30,"column":14},"end":{"line":30,"column":46}},"type":"binary-expr","locations":[{"start":{"line":30,"column":14},"end":{"line":30,"column":22}},{"start":{"line":30,"column":26},"end":{"line":30,"column":46}}],"line":30}},"s":{"0":2,"1":2,"2":0,"3":0,"4":0,"5":0,"6":0,"7":0,"8":0,"9":0,"10":2,"11":2,"12":2,"13":2,"14":2,"15":1,"16":1,"17":2,"18":1,"19":1,"20":1,"21":1},"f":{"0":0,"1":0,"2":0,"3":0,"4":0,"5":0,"6":2,"7":2,"8":1},"b":{"0":[0],"1":[0,2],"2":[1,1],"3":[2,2],"4":[1,1]},"_coverageSchema":"43e27e138ebf9cfc5966b082cf9a028302ed4184","hash":"ea6145042d2cb02292c8456b730c06d407629d98"}
,"/Users/gnlc/Code/corbot/src/config/names.js": {"path":"/Users/gnlc/Code/corbot/src/config/names.js","statementMap":{"0":{"start":{"line":1,"column":0},"end":{"line":7,"column":2}}},"fnMap":{},"branchMap":{},"s":{"0":2},"f":{},"b":{},"_coverageSchema":"43e27e138ebf9cfc5966b082cf9a028302ed4184","hash":"66939b066e1d6d05a5afa711027bde2a9b3eeeac"}
}
