TN:
SF:/Users/gnlc/Code/corbot/src/functions.js
FN:5,(anonymous_0)
FN:10,(anonymous_1)
FN:11,(anonymous_2)
FN:12,(anonymous_3)
FN:13,(anonymous_4)
FN:14,(anonymous_5)
FN:17,(anonymous_6)
FN:18,(anonymous_7)
FN:28,(anonymous_8)
FNF:9
FNH:3
FNDA:0,(anonymous_0)
FNDA:0,(anonymous_1)
FNDA:0,(anonymous_2)
FNDA:0,(anonymous_3)
FNDA:0,(anonymous_4)
FNDA:0,(anonymous_5)
FNDA:2,(anonymous_6)
FNDA:2,(anonymous_7)
FNDA:1,(anonymous_8)
DA:3,2
DA:5,2
DA:6,0
DA:7,0
DA:9,0
DA:10,0
DA:11,0
DA:12,0
DA:13,0
DA:14,0
DA:17,2
DA:18,2
DA:19,2
DA:22,2
DA:24,2
DA:25,1
DA:28,2
DA:29,1
DA:30,1
DA:31,1
DA:32,1
LF:21
LH:13
BRDA:17,0,0,0
BRDA:22,1,0,0
BRDA:22,1,1,2
BRDA:24,2,0,1
BRDA:24,2,1,1
BRDA:24,3,0,2
BRDA:24,3,1,2
BRDA:30,4,0,1
BRDA:30,4,1,1
BRF:9
BRH:7
end_of_record
TN:
SF:/Users/gnlc/Code/corbot/src/config/names.js
FNF:0
FNH:0
DA:1,2
LF:1
LH:1
BRF:0
BRH:0
end_of_record
